<?xml version="1.0" encoding="UTF-8"?>
<!-- Generated by org.testng.reporters.JUnitReportReporter -->
<testsuite hostname="TechCircle-2s-Mac-mini.local" failures="0" tests="2" name="testNG_Topics.TestNG_HomePageTests" time="0.006" errors="0" timestamp="2023-05-16T20:13:15 EDT" skipped="0">
  <testcase classname="testNG_Topics.TestNG_HomePageTests" name="homePageTest1" time="0.001"/>
  <system-out/>
  <testcase classname="testNG_Topics.TestNG_HomePageTests" name="homePageTest2" time="0.005"/>
  <system-out/>
</testsuite> <!-- testNG_Topics.TestNG_HomePageTests -->
