<?xml version="1.0" encoding="UTF-8"?>
<!-- Generated by org.testng.reporters.JUnitReportReporter -->
<testsuite hostname="TechCircle-2s-Mac-mini.local" failures="0" tests="1" name="testNG_Topics.GroupTestExample" time="0.010" errors="0" timestamp="2023-05-22T19:46:04 EDT" skipped="0">
  <testcase classname="testNG_Topics.GroupTestExample" name="testPrintMessge" time="0.010"/>
  <system-out/>
</testsuite> <!-- testNG_Topics.GroupTestExample -->
