<?xml version="1.0" encoding="UTF-8"?>
<!-- Generated by org.testng.reporters.JUnitReportReporter -->
<testsuite hostname="TechCircle-2s-Mac-mini.local" failures="0" tests="3" name="testNG_Topics.ParallelTest" time="23.766" errors="0" timestamp="2023-05-22T20:28:01 EDT" skipped="1">
  <testcase classname="testNG_Topics.ParallelTest" name="ChromeTest" time="18.331"/>
  <system-out/>
  <testcase classname="testNG_Topics.ParallelTest" name="safariTest" time="5.435"/>
  <system-out/>
  <testcase classname="testNG_Topics.ParallelTest" name="FirefoxTest">
    <skipped/>
  </testcase> <!-- FirefoxTest -->
  <system-out/>
</testsuite> <!-- testNG_Topics.ParallelTest -->
