<?xml version="1.0" encoding="UTF-8"?>
<!-- Generated by org.testng.reporters.JUnitReportReporter -->
<testsuite hostname="TechCircle-2s-Mac-mini.local" failures="0" tests="2" name="testNG_Topics.priorityTest" time="0.015" errors="0" timestamp="2023-05-22T19:52:34 EDT" skipped="0">
  <testcase classname="testNG_Topics.priorityTest" name="Lapa" time="0.013"/>
  <system-out/>
  <testcase classname="testNG_Topics.priorityTest" name="CallOfDuty" time="0.002"/>
  <system-out/>
</testsuite> <!-- testNG_Topics.priorityTest -->
