<?xml version="1.0" encoding="UTF-8"?>
<!-- Generated by org.testng.reporters.JUnitReportReporter -->
<testsuite hostname="TechCircle-2s-Mac-mini.local" failures="0" tests="1" name="testNG_Topics.DataProvidorTestCase" time="0.014" errors="0" timestamp="2023-05-22T21:53:03 EDT" skipped="0">
  <testcase classname="testNG_Topics.DataProvidorTestCase" name="myTest" time="0.014"/>
  <system-out/>
</testsuite> <!-- testNG_Topics.DataProvidorTestCase -->
