<?xml version="1.0" encoding="UTF-8"?>
<!-- Generated by org.testng.reporters.JUnitReportReporter -->
<testsuite hostname="TechCircle-2s-Mac-mini.local" failures="0" tests="2" name="testNG_Topics.annotations_description" time="0.016" errors="0" timestamp="2023-05-16T20:13:16 EDT" skipped="0">
  <testcase classname="testNG_Topics.annotations_description" name="testCase2" time="0.004"/>
  <system-out/>
  <testcase classname="testNG_Topics.annotations_description" name="testCase1" time="0.012"/>
  <system-out/>
</testsuite> <!-- testNG_Topics.annotations_description -->
