<?xml version="1.0" encoding="UTF-8"?>
<!-- Generated by org.testng.reporters.JUnitReportReporter -->
<testsuite hostname="TechCircle-2s-Mac-mini.local" failures="0" tests="3" name="testNG_Topics.DependencyTestUsingAnnotation" time="0.018" errors="0" timestamp="2023-05-22T20:46:09 EDT" skipped="0">
  <testcase classname="testNG_Topics.DependencyTestUsingAnnotation" name="dashboardCheck" time="0.002"/>
  <system-out/>
  <testcase classname="testNG_Topics.DependencyTestUsingAnnotation" name="method3" time="0.004"/>
  <system-out/>
  <testcase classname="testNG_Topics.DependencyTestUsingAnnotation" name="method2" time="0.012"/>
  <system-out/>
</testsuite> <!-- testNG_Topics.DependencyTestUsingAnnotation -->
